<?xml version="1.0" encoding="UTF-8"?>
<!-- Generated by org.testng.reporters.JUnitReportReporter -->
<testsuite skipped="0" hostname="DESKTOP-LR00Q52" name="tests.CheckoutPageTest" tests="2" failures="0" timestamp="2023-06-13T15:44:59 EDT" time="4.246" errors="0">
  <testcase name="verifyCheckoutPage" time="2.001" classname="tests.CheckoutPageTest"/>
  <system-out/>
  <testcase name="verifyContinueCheckout" time="2.245" classname="tests.CheckoutPageTest"/>
  <system-out/>
</testsuite> <!-- tests.CheckoutPageTest -->
