<?xml version="1.0" encoding="UTF-8"?>
<!-- Generated by org.testng.reporters.JUnitReportReporter -->
<testsuite skipped="0" hostname="DESKTOP-LR00Q52" name="tests.OrderPageTest" tests="2" failures="0" timestamp="2023-06-13T15:44:59 EDT" time="4.534" errors="0">
  <testcase name="verifyOrderPage" time="2.053" classname="tests.OrderPageTest"/>
  <system-out/>
  <testcase name="verifyContinueOrder" time="2.481" classname="tests.OrderPageTest"/>
  <system-out/>
</testsuite> <!-- tests.OrderPageTest -->
