<?xml version="1.0" encoding="UTF-8"?>
<!-- Generated by org.testng.reporters.JUnitReportReporter -->
<testsuite skipped="0" hostname="DESKTOP-LR00Q52" name="tests.LoginPageTest" tests="4" failures="0" timestamp="2023-06-09T11:58:47 EDT" time="8.180" errors="0">
  <testcase name="verifyLogin" time="0.696" classname="tests.LoginPageTest"/>
  <system-out/>
  <testcase name="verifyLogin" time="0.824" classname="tests.LoginPageTest"/>
  <system-out/>
  <testcase name="verifyLogin" time="0.822" classname="tests.LoginPageTest"/>
  <system-out/>
  <testcase name="verifyLogin" time="5.838" classname="tests.LoginPageTest"/>
  <system-out/>
</testsuite> <!-- tests.LoginPageTest -->
