<?xml version="1.0" encoding="UTF-8"?>
<!-- Generated by org.testng.reporters.JUnitReportReporter -->
<testsuite skipped="0" hostname="DESKTOP-LR00Q52" name="tests.HomePageTest" tests="1" failures="0" timestamp="2023-06-13T13:27:54 EDT" time="0.201" errors="0">
  <testcase name="verifyHomePage" time="0.201" classname="tests.HomePageTest"/>
  <system-out/>
</testsuite> <!-- tests.HomePageTest -->
