<?xml version="1.0" encoding="UTF-8"?>
<!-- Generated by org.testng.reporters.JUnitReportReporter -->
<testsuite skipped="0" hostname="DESKTOP-LR00Q52" name="tests.CheckoutPageTest" tests="2" failures="0" timestamp="2023-06-09T14:58:25 EDT" time="3.196" errors="0">
  <testcase name="verifyCheckoutPage" time="1.605" classname="tests.CheckoutPageTest"/>
  <system-out/>
  <testcase name="verifyContinueCheckout" time="1.591" classname="tests.CheckoutPageTest"/>
  <system-out/>
</testsuite> <!-- tests.CheckoutPageTest -->
