<?xml version="1.0" encoding="UTF-8"?>
<!-- Generated by org.testng.reporters.JUnitReportReporter -->
<testsuite skipped="0" hostname="DESKTOP-LR00Q52" name="tests.LoginPageTest" tests="4" failures="0" timestamp="2023-06-07T15:12:39 EDT" time="7.274" errors="0">
  <testcase name="verifyLogin" time="5.578" classname="tests.LoginPageTest"/>
  <system-out/>
  <testcase name="verifyLogin" time="0.556" classname="tests.LoginPageTest"/>
  <system-out/>
  <testcase name="verifyLogin" time="0.565" classname="tests.LoginPageTest"/>
  <system-out/>
  <testcase name="verifyLogin" time="0.575" classname="tests.LoginPageTest"/>
  <system-out/>
</testsuite> <!-- tests.LoginPageTest -->
