<?xml version="1.0" encoding="UTF-8"?>
<!-- Generated by org.testng.reporters.JUnitReportReporter -->
<testsuite skipped="0" hostname="DESKTOP-LR00Q52" name="tests.ProductPageTest" tests="3" failures="0" timestamp="2023-06-08T14:59:32 EDT" time="3.280" errors="0">
  <testcase name="verifyAddToCart" time="1.246" classname="tests.ProductPageTest"/>
  <system-out/>
  <testcase name="verifyRemoveFromCart" time="0.880" classname="tests.ProductPageTest"/>
  <system-out/>
  <testcase name="verifyContinueShopping" time="1.154" classname="tests.ProductPageTest"/>
  <system-out/>
</testsuite> <!-- tests.ProductPageTest -->
