<?xml version="1.0" encoding="UTF-8"?>
<!-- Generated by org.testng.reporters.JUnitReportReporter -->
<testsuite skipped="0" hostname="DESKTOP-LR00Q52" name="tests.OrderPageTest" tests="1" failures="0" timestamp="2023-06-13T13:31:21 EDT" time="2.322" errors="0">
  <testcase name="verifyContinueOrder" time="2.322" classname="tests.OrderPageTest"/>
  <system-out/>
</testsuite> <!-- tests.OrderPageTest -->
