<?xml version="1.0" encoding="UTF-8"?>
<!-- Generated by org.testng.reporters.JUnitReportReporter -->
<testsuite skipped="0" hostname="DESKTOP-LR00Q52" name="tests.LoginPageTest" tests="4" failures="0" timestamp="2023-06-13T13:27:54 EDT" time="8.199" errors="0">
  <testcase name="verifyLogin" time="5.852" classname="tests.LoginPageTest"/>
  <system-out/>
  <testcase name="verifyLogin" time="0.828" classname="tests.LoginPageTest"/>
  <system-out/>
  <testcase name="verifyLogin" time="0.752" classname="tests.LoginPageTest"/>
  <system-out/>
  <testcase name="verifyLogin" time="0.767" classname="tests.LoginPageTest"/>
  <system-out/>
</testsuite> <!-- tests.LoginPageTest -->
